#
# A fatal error has been detected by the Java Runtime Environment:
#
#  EXCEPTION_ACCESS_VIOLATION (0xc0000005) at pc=0x0000000060b68855, pid=23820, tid=11728
#
# JRE version: Java(TM) SE Runtime Environment (8.0_65-b17) (build 1.8.0_65-b17)
# Java VM: Java HotSpot(TM) 64-Bit Server VM (25.65-b01 mixed mode windows-amd64 compressed oops)
# Problematic frame:
# V  [jvm.dll+0x128855]
#
# Failed to write core dump. Minidumps are not enabled by default on client versions of Windows
#
# If you would like to submit a bug report, please visit:
#   http://bugreport.java.com/bugreport/crash.jsp
#

---------------  T H R E A D  ---------------

Current thread (0x000000001eb99800):  JavaThread "JDWP Transport Listener: dt_socket" daemon [_thread_in_vm, id=11728, stack(0x000000001f160000,0x000000001f260000)]

siginfo: ExceptionCode=0xc0000005, reading address 0x000000000056293b

Registers:
RAX=0x000000001f25f401, RBX=0x000000001eb99800, RCX=0x000000000056293b, RDX=0x0000000000000000
RSP=0x000000001f25f490, RBP=0x000000000056293b, RSI=0x000000001f25f5a8, RDI=0x0000000002ecaa70
R8 =0x000000001eb99800, R9 =0x0000000000000000, R10=0x0000000000000000, R11=0x0000000000000064
R12=0x0000000000000000, R13=0x000000001eb9a388, R14=0x0000000000000000, R15=0x0000000000000000
RIP=0x0000000060b68855, EFLAGS=0x0000000000010202

Top of Stack: (sp=0x000000001f25f490)
0x000000001f25f490:   000000001eb99800 000000001eb99800
0x000000001f25f4a0:   000000001f25f558 0000000060d6e19b
0x000000001f25f4b0:   000000001eb99800 0000000060d8a9fd
0x000000001f25f4c0:   0000000000000000 00000000609e9155
0x000000001f25f4d0:   000000001ed43ff8 00000000609f291e
0x000000001f25f4e0:   000000001eb99800 0000000000000000
0x000000001f25f4f0:   0000000000000000 0000000000000000
0x000000001f25f500:   000000000056293b 00000000609f1a15
0x000000001f25f510:   000000001f25f5a8 000000001f25f580
0x000000001f25f520:   0000000000000001 000000001ed43ff8
0x000000001f25f530:   000000000056293b 00000000609d53b3
0x000000001f25f540:   000000001f25f670 0000000000000001
0x000000001f25f550:   0000000000000001 000000001ed43ff8
0x000000001f25f560:   0000000000000009 0000000000000000
0x000000001f25f570:   0000000000000000 0000000000000000
0x000000001f25f580:   0000000000000001 00000000609d5571 

Instructions: (pc=0x0000000060b68855)
0x0000000060b68835:   cc cc cc cc cc cc cc cc cc cc cc 48 83 ec 28 48
0x0000000060b68845:   85 c9 75 07 33 c0 48 83 c4 28 c3 48 89 5c 24 20
0x0000000060b68855:   48 8b 19 48 85 db 74 20 48 83 fb 37 74 1a 48 8b
0x0000000060b68865:   13 48 8b cb ff 52 10 84 c0 74 0d 48 8b c3 48 8b 


Register to memory mapping:

RAX=0x000000001f25f401 is pointing into the stack for thread: 0x000000001eb99800
RBX=0x000000001eb99800 is a thread
RCX=0x000000000056293b is an unknown value
RDX=0x0000000000000000 is an unknown value
RSP=0x000000001f25f490 is pointing into the stack for thread: 0x000000001eb99800
RBP=0x000000000056293b is an unknown value
RSI=0x000000001f25f5a8 is pointing into the stack for thread: 0x000000001eb99800
RDI=0x0000000002ecaa70 is an unknown value
R8 =0x000000001eb99800 is a thread
R9 =0x0000000000000000 is an unknown value
R10=0x0000000000000000 is an unknown value
R11=0x0000000000000064 is an unknown value
R12=0x0000000000000000 is an unknown value
R13=0x000000001eb9a388 is an unknown value
R14=0x0000000000000000 is an unknown value
R15=0x0000000000000000 is an unknown value


Stack: [0x000000001f160000,0x000000001f260000],  sp=0x000000001f25f490,  free space=1021k
Native frames: (J=compiled Java code, j=interpreted, Vv=VM code, C=native code)
V  [jvm.dll+0x128855]
V  [jvm.dll+0x34a9fd]
C  [jdwp.dll+0x21a15]
C  [jdwp.dll+0x53b3]
C  [jdwp.dll+0x5571]
C  [jdwp.dll+0xf0a8]
C  [jdwp.dll+0x1f2d5]
C  [jdwp.dll+0x1f4aa]
V  [jvm.dll+0x1bb8f8]
V  [jvm.dll+0x243144]
V  [jvm.dll+0x299f7a]
C  [msvcr100.dll+0x21d9f]
C  [msvcr100.dll+0x21e3b]
C  [KERNEL32.DLL+0x18102]
C  [ntdll.dll+0x5c5b4]


---------------  P R O C E S S  ---------------

Java Threads: ( => current thread )
  0x000000001ec47800 JavaThread "Service Thread" daemon [_thread_blocked, id=34072, stack(0x000000001f860000,0x000000001f960000)]
  0x000000001ebc3800 JavaThread "C1 CompilerThread3" daemon [_thread_blocked, id=34100, stack(0x000000001f760000,0x000000001f860000)]
  0x000000001ebc2000 JavaThread "C2 CompilerThread2" daemon [_thread_blocked, id=4732, stack(0x000000001f660000,0x000000001f760000)]
  0x000000001ebb9000 JavaThread "C2 CompilerThread1" daemon [_thread_blocked, id=37492, stack(0x000000001f560000,0x000000001f660000)]
  0x000000001ebbd000 JavaThread "C2 CompilerThread0" daemon [_thread_blocked, id=28840, stack(0x000000001f460000,0x000000001f560000)]
  0x000000001eba3000 JavaThread "JDWP Command Reader" daemon [_thread_in_native, id=37784, stack(0x000000001f360000,0x000000001f460000)]
  0x000000001eba2000 JavaThread "JDWP Event Helper Thread" daemon [_thread_blocked, id=36948, stack(0x000000001f260000,0x000000001f360000)]
=>0x000000001eb99800 JavaThread "JDWP Transport Listener: dt_socket" daemon [_thread_in_vm, id=11728, stack(0x000000001f160000,0x000000001f260000)]
  0x000000001eb92000 JavaThread "Attach Listener" daemon [_thread_blocked, id=25288, stack(0x000000001f060000,0x000000001f160000)]
  0x000000001eb91800 JavaThread "Signal Dispatcher" daemon [_thread_blocked, id=11344, stack(0x000000001ef60000,0x000000001f060000)]
  0x0000000002fdb800 JavaThread "Finalizer" daemon [_thread_blocked, id=37300, stack(0x000000001e980000,0x000000001ea80000)]
  0x0000000002fd5000 JavaThread "Reference Handler" daemon [_thread_blocked, id=22656, stack(0x000000001e880000,0x000000001e980000)]
  0x0000000002ee3000 JavaThread "main" [_thread_blocked, id=16860, stack(0x0000000002d60000,0x0000000002e60000)]

Other Threads:
  0x000000000da19000 VMThread [stack: 0x000000001e780000,0x000000001e880000] [id=37036]
  0x000000001ec76000 WatcherThread [stack: 0x000000001f960000,0x000000001fa60000] [id=29008]

VM state:not at safepoint (normal execution)

VM Mutex/Monitor currently owned by a thread: None

Heap:
 PSYoungGen      total 76288K, used 5243K [0x000000076b300000, 0x0000000770800000, 0x00000007c0000000)
  eden space 65536K, 8% used [0x000000076b300000,0x000000076b81ec70,0x000000076f300000)
  from space 10752K, 0% used [0x000000076fd80000,0x000000076fd80000,0x0000000770800000)
  to   space 10752K, 0% used [0x000000076f300000,0x000000076f300000,0x000000076fd80000)
 ParOldGen       total 175104K, used 0K [0x00000006c1800000, 0x00000006cc300000, 0x000000076b300000)
  object space 175104K, 0% used [0x00000006c1800000,0x00000006c1800000,0x00000006cc300000)
 Metaspace       used 2985K, capacity 4564K, committed 4864K, reserved 1056768K
  class space    used 314K, capacity 388K, committed 512K, reserved 1048576K

Card table byte_map: [0x00000000033a0000,0x0000000003ba0000] byte_map_base: 0xffffffffffd94000

Marking Bits: (ParMarkBitMap*) 0x000000006124a5b0
 Begin Bits: [0x00000000048f0000, 0x0000000008890000)
 End Bits:   [0x0000000008890000, 0x000000000c830000)

Polling page: 0x0000000001540000

CodeCache: size=245760Kb used=1259Kb max_used=1259Kb free=244500Kb
 bounds [0x000000000f010000, 0x000000000f280000, 0x000000001e010000]
 total_blobs=316 nmethods=89 adapters=148
 compilation: enabled

Compilation events (10 events):
Event: 1.918 Thread 0x000000001ebc3800   85       3       java.nio.charset.CharsetEncoder::maxBytesPerChar (5 bytes)
Event: 1.919 Thread 0x000000001ebc3800 nmethod 85 0x000000000f137c50 code [0x000000000f137da0, 0x000000000f137ef0]
Event: 1.919 Thread 0x000000001ebc3800   86       1       java.net.URL::getHost (5 bytes)
Event: 1.919 Thread 0x000000001ebc3800 nmethod 86 0x000000000f13cdd0 code [0x000000000f13cf20, 0x000000000f13d030]
Event: 19.354 Thread 0x000000001ebc3800   89   !   3       sun.misc.URLClassPath$JarLoader::getResource (85 bytes)
Event: 19.355 Thread 0x000000001ebc3800 nmethod 89 0x000000000f13b110 code [0x000000000f13b3c0, 0x000000000f13c3b8]
Event: 19.355 Thread 0x000000001ebc3800   87       3       java.util.zip.ZipFile::ensureOpen (37 bytes)
Event: 19.355 Thread 0x000000001ebc3800 nmethod 87 0x000000000f13ab50 code [0x000000000f13ace0, 0x000000000f13afd8]
Event: 19.355 Thread 0x000000001ebc3800   88       3       java.util.zip.ZipCoder::getBytes (192 bytes)
Event: 19.357 Thread 0x000000001ebc3800 nmethod 88 0x000000000f147c50 code [0x000000000f148020, 0x000000000f14a338]

GC Heap History (0 events):
No events

Deoptimization events (0 events):
No events

Internal exceptions (2 events):
Event: 0.032 Thread 0x0000000002ee3000 Exception <a 'java/lang/NoSuchMethodError': Method sun.misc.Unsafe.defineClass(Ljava/lang/String;[BII)Ljava/lang/Class; name or signature does not match> (0x000000076b3130a0) thrown at [C:\workspace\8-2-build-windows-amd64-cygwin\jdk8u65\4987\hotspot\src\sØù4üX ?
Event: 0.032 Thread 0x0000000002ee3000 Exception <a 'java/lang/NoSuchMethodError': Method sun.misc.Unsafe.prefetchRead(Ljava/lang/Object;J)V name or signature does not match> (0x000000076b313388) thrown at [C:\workspace\8-2-build-windows-amd64-cygwin\jdk8u65\4987\hotspot\src\share\vm\prims\jni.

Events (10 events):
Event: 1396.115 Executing VM operation: ChangeBreakpoints
Event: 1396.115 Executing VM operation: ChangeBreakpoints done
Event: 1396.115 Executing VM operation: ChangeBreakpoints
Event: 1396.115 Executing VM operation: ChangeBreakpoints done
Event: 1396.116 Executing VM operation: ChangeBreakpoints
Event: 1396.116 Executing VM operation: ChangeBreakpoints done
Event: 1396.116 Executing VM operation: ChangeBreakpoints
Event: 1396.116 Executing VM operation: ChangeBreakpoints done
Event: 1396.122 Executing VM operation: RedefineClasses
Event: 1396.123 Executing VM operation: RedefineClasses done


Dynamic libraries:
0x00007ff623d30000 - 0x00007ff623d67000 	C:\Program Files\Java\jdk1.8.0_65\bin\java.exe
0x00007ffb22810000 - 0x00007ffb229d1000 	C:\WINDOWS\SYSTEM32\ntdll.dll
0x00007ffb22750000 - 0x00007ffb227fd000 	C:\WINDOWS\system32\KERNEL32.DLL
0x00007ffb1f760000 - 0x00007ffb1f948000 	C:\WINDOWS\system32\KERNELBASE.dll
0x00007ffb1fd80000 - 0x00007ffb1fe27000 	C:\WINDOWS\system32\ADVAPI32.DLL
0x00007ffb20180000 - 0x00007ffb2021d000 	C:\WINDOWS\system32\msvcrt.dll
0x00007ffb20700000 - 0x00007ffb2075b000 	C:\WINDOWS\system32\sechost.dll
0x00007ffb1fe30000 - 0x00007ffb1ff4c000 	C:\WINDOWS\system32\RPCRT4.dll
0x0000000065350000 - 0x00000000653d9000 	C:\WINDOWS\System32\SYSFER.DLL
0x00007ffb1ff60000 - 0x00007ffb200b6000 	C:\WINDOWS\system32\USER32.dll
0x00007ffb202f0000 - 0x00007ffb20476000 	C:\WINDOWS\system32\GDI32.dll
0x00007ffb18d10000 - 0x00007ffb18f84000 	C:\WINDOWS\WinSxS\amd64_microsoft.windows.common-controls_6595b64144ccf1df_6.0.10586.494_none_a2d8b04ea53e3145\COMCTL32.dll
0x00007ffb20480000 - 0x00007ffb206fd000 	C:\WINDOWS\system32\combase.dll
0x00007ffb1fa00000 - 0x00007ffb1fa6a000 	C:\WINDOWS\system32\bcryptPrimitives.dll
0x00007ffb20ca0000 - 0x00007ffb20cdb000 	C:\WINDOWS\system32\IMM32.DLL
0x00007ffb1ec80000 - 0x00007ffb1ecb1000 	C:\WINDOWS\system32\nvinitx.dll
0x00007ffb1ec70000 - 0x00007ffb1ec7a000 	C:\WINDOWS\SYSTEM32\VERSION.dll
0x000000000f000000 - 0x000000000f006000 	C:\Program Files\NVIDIA Corporation\CoProcManager\_etoured.dll
0x00007ffb1c870000 - 0x00007ffb1c8a2000 	C:\Program Files\NVIDIA Corporation\CoProcManager\nvd3d9wrapx.dll
0x00007ffb22240000 - 0x00007ffb22669000 	C:\WINDOWS\system32\SETUPAPI.dll
0x00007ffb1fb30000 - 0x00007ffb1fb73000 	C:\WINDOWS\system32\CFGMGR32.dll
0x00007ffb1c5f0000 - 0x00007ffb1c612000 	C:\Program Files\NVIDIA Corporation\CoProcManager\nvdxgiwrapx.dll
0x00000000612d0000 - 0x00000000613a2000 	C:\Program Files\Java\jdk1.8.0_65\jre\bin\msvcr100.dll
0x0000000060a40000 - 0x00000000612c9000 	C:\Program Files\Java\jdk1.8.0_65\jre\bin\server\jvm.dll
0x00007ffb20170000 - 0x00007ffb20178000 	C:\WINDOWS\system32\PSAPI.DLL
0x00007ffb17200000 - 0x00007ffb17209000 	C:\WINDOWS\SYSTEM32\WSOCK32.dll
0x00007ffb20920000 - 0x00007ffb2098b000 	C:\WINDOWS\system32\WS2_32.dll
0x00007ffb1d590000 - 0x00007ffb1d5b3000 	C:\WINDOWS\SYSTEM32\WINMM.dll
0x00007ffb1d530000 - 0x00007ffb1d55c000 	C:\WINDOWS\SYSTEM32\WINMMBASE.dll
0x0000000061710000 - 0x000000006171f000 	C:\Program Files\Java\jdk1.8.0_65\jre\bin\verify.dll
0x0000000060a10000 - 0x0000000060a39000 	C:\Program Files\Java\jdk1.8.0_65\jre\bin\java.dll
0x00000000609d0000 - 0x0000000060a05000 	C:\Program Files\Java\jdk1.8.0_65\jre\bin\jdwp.dll
0x0000000061700000 - 0x0000000061708000 	C:\Program Files\Java\jdk1.8.0_65\jre\bin\npt.dll
0x00000000609b0000 - 0x00000000609c6000 	C:\Program Files\Java\jdk1.8.0_65\jre\bin\zip.dll
0x00007ffb20ce0000 - 0x00007ffb2223c000 	C:\WINDOWS\system32\SHELL32.dll
0x00007ffb1eee0000 - 0x00007ffb1f525000 	C:\WINDOWS\system32\windows.storage.dll
0x00007ffb226f0000 - 0x00007ffb22742000 	C:\WINDOWS\system32\shlwapi.dll
0x00007ffb1ee90000 - 0x00007ffb1ee9f000 	C:\WINDOWS\system32\kernel.appcore.dll
0x00007ffb1fa70000 - 0x00007ffb1fb25000 	C:\WINDOWS\system32\shcore.dll
0x00007ffb1ee30000 - 0x00007ffb1ee7b000 	C:\WINDOWS\system32\powrprof.dll
0x00007ffb1eea0000 - 0x00007ffb1eeb4000 	C:\WINDOWS\system32\profapi.dll
0x00000000616f0000 - 0x00000000616f9000 	C:\Program Files\Java\jdk1.8.0_65\jre\bin\dt_socket.dll
0x00007ffb1e6b0000 - 0x00007ffb1e70c000 	C:\WINDOWS\system32\mswsock.dll
0x00007ffb10e10000 - 0x00007ffb10f9c000 	C:\WINDOWS\SYSTEM32\dbghelp.dll

VM Arguments:
jvm_args: -agentlib:jdwp=transport=dt_socket,address=127.0.0.1:59188,suspend=y,server=n -Dfile.encoding=UTF-8 
java_command: com.epam.hybristoolsclient.HybrisImpex -b C:\hybris\h61\hybris\bin\custom\hybristoolsclient\console\data\solr.impex
java_class_path (initial): C:\Program Files\Java\jdk1.8.0_65\jre\lib\charsets.jar;C:\Program Files\Java\jdk1.8.0_65\jre\lib\deploy.jar;C:\Program Files\Java\jdk1.8.0_65\jre\lib\ext\access-bridge-64.jar;C:\Program Files\Java\jdk1.8.0_65\jre\lib\ext\cldrdata.jar;C:\Program Files\Java\jdk1.8.0_65\jre\lib\ext\dnsns.jar;C:\Program Files\Java\jdk1.8.0_65\jre\lib\ext\jaccess.jar;C:\Program Files\Java\jdk1.8.0_65\jre\lib\ext\jfxrt.jar;C:\Program Files\Java\jdk1.8.0_65\jre\lib\ext\localedata.jar;C:\Program Files\Java\jdk1.8.0_65\jre\lib\ext\nashorn.jar;C:\Program Files\Java\jdk1.8.0_65\jre\lib\ext\sunec.jar;C:\Program Files\Java\jdk1.8.0_65\jre\lib\ext\sunjce_provider.jar;C:\Program Files\Java\jdk1.8.0_65\jre\lib\ext\sunmscapi.jar;C:\Program Files\Java\jdk1.8.0_65\jre\lib\ext\sunpkcs11.jar;C:\Program Files\Java\jdk1.8.0_65\jre\lib\ext\zipfs.jar;C:\Program Files\Java\jdk1.8.0_65\jre\lib\javaws.jar;C:\Program Files\Java\jdk1.8.0_65\jre\lib\jce.jar;C:\Program Files\Java\jdk1.8.0_65\jre\lib\jfr.jar;C:\Program Files\Java\jdk1.8.0_65\jre\lib\jfxswt.jar;C:\Program Files\Java\jdk1.8.0_65\jre\lib\jsse.jar;C:\Program Files\Java\jdk1.8.0_65\jre\lib\management-agent.jar;C:\Program Files\Java\jdk1.8.0_65\jre\lib\plugin.jar;C:\Program Files\Java\jdk1.8.0_65\jre\lib\resources.jar;C:\Program Files\Java\jdk1.8.0_65\jre\lib\rt.jar;C:\hybris\h61\hybris\bin\custom\hybristoolsclient\target\classes;C:\hybris\h61\hybris\bin\custom\hybristoolsclient\lib\rxjava-1.1.6.jar;C:\hybris\h61\hybris\bin\custom\hybristoolsclient\lib\httpcore-4.4.4.jar;C:\hybris\h61\hybris\bin\custom\hybristoolsclient\lib\httpmime-4.5.2.jar;C:\hybris\h61\hybris\bin\custom\hybristoolsclient\lib\jcommander-1.48.jar;C:\hybris\h61\hybris\bin\custom\hybristoolsclient\lib\httpclient-4.5.2.jar;C:\hybris\h61\hybris\bin\custom\hybristoolsclient\lib\commons-logging-1.2.jar;C:\Users\Rauf_Aliev\.m2\repository\com\beust\jcommander\1.48\jcommander-1.48.jar;C:\Users\Rauf_Aliev\.m2\repository\io\reactivex\rxjava\1.1.6\rxjava-1.1.6.jar;C:\U
Launcher Type: SUN_STANDARD

Environment Variables:
PATH=C:\ProgramData\Oracle\Java\javapath;C:\WINDOWS\system32;C:\WINDOWS;C:\WINDOWS\System32\Wbem;C:\WINDOWS\System32\WindowsPowerShell\v1.0\;C:\Program Files\TortoiseSVN\bin;C:\Program Files (x86)\Skype\Phone\;C:\Program Files (x86)\MySQL\MySQL Fabric 1.5 & MySQL Utilities 1.5\;C:\Program Files (x86)\MySQL\MySQL Fabric 1.5 & MySQL Utilities 1.5\Doctrine extensions for PHP\;C:\Program Files (x86)\QuickTime\QTSystem\;C:\Program Files (x86)\Windows Live\Shared
USERNAME=Rauf_Aliev
OS=Windows_NT
PROCESSOR_IDENTIFIER=Intel64 Family 6 Model 58 Stepping 9, GenuineIntel



---------------  S Y S T E M  ---------------

OS: Windows 10.0 , 64 bit Build 10586 (10.0.10586.0)

CPU:total 8 (4 cores per cpu, 2 threads per core) family 6 model 58 stepping 9, cmov, cx8, fxsr, mmx, sse, sse2, sse3, ssse3, sse4.1, sse4.2, popcnt, avx, aes, clmul, erms, ht, tsc, tscinvbit, tscinv

Memory: 4k page, physical 16677572k(3834476k free), swap 43264316k(9362656k free)

vm_info: Java HotSpot(TM) 64-Bit Server VM (25.65-b01) for windows-amd64 JRE (1.8.0_65-b17), built on Oct  6 2015 16:39:20 by "java_re" with MS VC++ 10.0 (VS2010)

time: Sat Aug 20 14:51:52 2016
elapsed time: 1396 seconds (0d 0h 23m 16s)

